<?xml version="1.0" encoding="UTF-8"?>
<!-- Generated by org.testng.reporters.JUnitXMLReporter -->
<testsuite ignored="0" hostname="Krishna-PC" failures="0" tests="5" name="Default test" time="7.146" errors="0" timestamp="2023-05-01T22:27:23 CDT">
  <testcase classname="SaucesDemoProjects.SauceDemoProject" name="Login" time="2.441"/>
  <testcase classname="SaucesDemoProjects.SauceDemoProject" name="productFilter" time="0.492"/>
  <testcase classname="SaucesDemoProjects.SauceDemoProject" name="ProductPage" time="0.17"/>
  <testcase classname="SaucesDemoProjects.SauceDemoProject" name="addToCart" time="3.357"/>
  <testcase classname="SaucesDemoProjects.SauceDemoProject" name="CheckOutPage" time="0.499"/>
</testsuite> <!-- Default test -->
