<?xml version="1.0" encoding="UTF-8"?>
<!-- Generated by org.testng.reporters.JUnitXMLReporter -->
<testsuite ignored="0" hostname="Krishna-PC" failures="0" tests="5" name="Default test" time="11.123" errors="0" timestamp="2023-05-07T21:27:33 CDT">
  <testcase classname="SaucesDemoProjects.SauceDemoProject" name="Login" time="6.321"/>
  <testcase classname="SaucesDemoProjects.SauceDemoProject" name="productFilter" time="0.472"/>
  <testcase classname="SaucesDemoProjects.SauceDemoProject" name="ProductPage" time="0.22"/>
  <testcase classname="SaucesDemoProjects.SauceDemoProject" name="addToCart" time="3.422"/>
  <testcase classname="SaucesDemoProjects.SauceDemoProject" name="CheckOutPage" time="0.529"/>
</testsuite> <!-- Default test -->
