<?xml version="1.0" encoding="UTF-8"?>
<!-- Generated by org.testng.reporters.JUnitXMLReporter -->
<testsuite ignored="0" hostname="Krishna-PC" failures="0" tests="5" name="Test" time="4.329" errors="0" timestamp="2023-04-30T18:31:27 CDT">
  <testcase classname="SaucesDemoProjects.SauceDemoProject" name="Login" time="2.713"/>
  <testcase classname="SaucesDemoProjects.SauceDemoProject" name="productFilter" time="0.487"/>
  <testcase classname="SaucesDemoProjects.SauceDemoProject" name="ProductPage" time="0.132"/>
  <testcase classname="SaucesDemoProjects.SauceDemoProject" name="addToCart" time="0.409"/>
  <testcase classname="SaucesDemoProjects.SauceDemoProject" name="CheckOutPage" time="0.533"/>
</testsuite> <!-- Test -->
