<?xml version="1.0" encoding="UTF-8"?>
<!-- Generated by org.testng.reporters.JUnitXMLReporter -->
<testsuite ignored="0" hostname="Krishna-PC" failures="0" tests="4" name="Test" time="0.056" errors="0" timestamp="2023-04-26T20:41:46 CDT">
  <testcase classname="TestMaven1.Maven1" name="LoginTest" time="0.01"/>
  <testcase classname="TestMaven1.Maven1" name="LogoutTest" time="0.001"/>
  <testcase classname="TestMaven1.Maven2" name="loginTest" time="0.002"/>
  <testcase classname="TestMaven1.Maven2" name="loginTest2" time="0.001"/>
</testsuite> <!-- Test -->
