<?xml version="1.0" encoding="UTF-8"?>
<testng-results ignored="0" total="2" passed="2" failed="0" skipped="0">
  <reporter-output>
  </reporter-output>
  <suite started-at="2023-04-27T20:43:21 CDT" name="Suite" finished-at="2023-04-27T20:43:21 CDT" duration-ms="54">
    <groups>
    </groups>
    <test started-at="2023-04-27T20:43:21 CDT" name="Test" finished-at="2023-04-27T20:43:21 CDT" duration-ms="54">
      <class name="TestMaven1.Maven6">
        <test-method signature="testcaseOne(java.lang.String,java.lang.String)[pri:0, instance:TestMaven1.Maven6@1d9b7cce]" started-at="2023-04-27T20:43:21 CDT" name="testcaseOne" finished-at="2023-04-27T20:43:21 CDT" duration-ms="11" status="PASS">
          <params>
            <param index="0">
              <value>
                <![CDATA[UserName]]>
              </value>
            </param>
            <param index="1">
              <value>
                <![CDATA[PassworD]]>
              </value>
            </param>
          </params>
          <reporter-output>
          </reporter-output>
        </test-method> <!-- testcaseOne -->
        <test-method signature="testcaseTwo()[pri:0, instance:TestMaven1.Maven6@1d9b7cce]" started-at="2023-04-27T20:43:21 CDT" name="testcaseTwo" finished-at="2023-04-27T20:43:21 CDT" duration-ms="2" status="PASS">
          <reporter-output>
          </reporter-output>
        </test-method> <!-- testcaseTwo -->
      </class> <!-- TestMaven1.Maven6 -->
    </test> <!-- Test -->
  </suite> <!-- Suite -->
</testng-results>
